commit 9de8701f9b046e43d6f9e307be402c342ca16778
Author: binwei lin <binwei92@cs.utexas.edu>
Date:   Wed Aug 6 16:18:04 2014 -0500

    doxyfile

commit 667af2c2b9614895d05ae61755444f6da130bc20
Author: binwei lin <binwei92@cs.utexas.edu>
Date:   Wed Aug 6 16:13:31 2014 -0500

    clean code

commit d0b32bdc2e68e0cb565a37a7fe823496a3fd49f3
Author: binwei lin <binwei92@cs.utexas.edu>
Date:   Wed Aug 6 16:03:38 2014 -0500

    most functions

commit aea0e7b8c38b5968c384b963c746eab24fce24f8
Author: binwei lin <binwei92@cs.utexas.edu>
Date:   Sat Aug 2 12:57:59 2014 -0500

    run

commit 14dcb09aa4ab107254116cbfbcba30f28b1e3849
Author: binwei lin <binwei92@cs.utexas.edu>
Date:   Sat Aug 2 12:52:33 2014 -0500

    initial code
